Build started 4/18/2017 10:36:08 AM.
     1>Project "C:\Users\zd131147\Desktop\C-Stuff\RandomNumberGenerator\RandomNumberGenerator\RandomNumberGenerator.vcxproj" on node 2 (Build target(s)).
     1>ClCompile:
         C:\Program Files (x86)\Microsoft Visual Studio 12.0\VC\bin\CL.exe /c /ZI /nologo /W3 /WX- /sdl /Od /Oy- /D WIN32 /D _DEBUG /D _CONSOLE /D _LIB /D _UNICODE /D UNICODE /Gm /EHsc /RTC1 /MDd /GS /fp:precise /Zc:wchar_t /Zc:forScope /Fo"Debug\\" /Fd"Debug\vc120.pdb" /Gd /TP /analyze- /errorReport:prompt Source.cpp
         Source.cpp
     1>c:\users\zd131147\desktop\c-stuff\randomnumbergenerator\randomnumbergenerator\source.cpp(31): error C2143: syntax error : missing ';' before '}'
     1>Done Building Project "C:\Users\zd131147\Desktop\C-Stuff\RandomNumberGenerator\RandomNumberGenerator\RandomNumberGenerator.vcxproj" (Build target(s)) -- FAILED.

Build FAILED.

Time Elapsed 00:00:00.48
